<?xml version="1.0" encoding="UTF-8"?>
<testng-results ignored="0" total="1" passed="1" failed="0" skipped="0">
  <reporter-output>
  </reporter-output>
  <suite started-at="2022-09-28T13:01:12 IST" name="Default suite" finished-at="2022-09-28T13:01:21 IST" duration-ms="8337">
    <groups>
    </groups>
    <test started-at="2022-09-28T13:01:12 IST" name="Default test" finished-at="2022-09-28T13:01:21 IST" duration-ms="8337">
      <class name="com.testing.LoginPageTest">
        <test-method is-config="true" signature="beforeMethod()[pri:0, instance:com.testing.LoginPageTest@4229bb3f]" started-at="2022-09-28T13:01:12 IST" name="beforeMethod" finished-at="2022-09-28T13:01:15 IST" duration-ms="2359" status="PASS">
          <reporter-output>
          </reporter-output>
        </test-method> <!-- beforeMethod -->
        <test-method signature="loginPageTest()[pri:0, instance:com.testing.LoginPageTest@4229bb3f]" started-at="2022-09-28T13:01:15 IST" name="loginPageTest" finished-at="2022-09-28T13:01:15 IST" duration-ms="283" status="PASS">
          <reporter-output>
          </reporter-output>
        </test-method> <!-- loginPageTest -->
        <test-method is-config="true" signature="afterMethod()[pri:0, instance:com.testing.LoginPageTest@4229bb3f]" started-at="2022-09-28T13:01:15 IST" name="afterMethod" finished-at="2022-09-28T13:01:21 IST" duration-ms="5662" status="PASS">
          <reporter-output>
          </reporter-output>
        </test-method> <!-- afterMethod -->
      </class> <!-- com.testing.LoginPageTest -->
    </test> <!-- Default test -->
  </suite> <!-- Default suite -->
</testng-results>
