<?xml version="1.0" encoding="UTF-8"?>
<!-- Generated by org.testng.reporters.JUnitXMLReporter -->
<testsuite ignored="1" hostname="LAPTOP-H6POAKCL" failures="0" tests="3" name="MyTest" time="0.041" errors="0" timestamp="2022-09-27T09:48:00 IST">
  <testcase classname="com.service.HookTestingMethods" name="f1" time="0.004"/>
  <testcase classname="com.service.HookTestingMethods" name="f2" time="0.001"/>
  <testcase classname="com.service.SampleTest" name="f2" time="0.0"/>
  <testcase classname="com.service.SampleTest" name="f1" time="0.0">
    <ignored/>
  </testcase> <!-- f1 -->
</testsuite> <!-- MyTest -->
