<?xml version="1.0" encoding="UTF-8"?>
<!-- Generated by org.testng.reporters.JUnitXMLReporter -->
<testsuite ignored="0" hostname="LAPTOP-H6POAKCL" failures="0" tests="6" name="Test" time="0.055" errors="0" timestamp="2022-09-27T10:07:15 IST">
  <testcase classname="com.service.CarTest" name="color" time="0.009"/>
  <testcase classname="com.service.CarTest" name="mailege" time="0.001"/>
  <testcase classname="com.service.CarTest" name="speed" time="0.001"/>
  <testcase classname="com.service.BikeTest" name="color" time="0.001"/>
  <testcase classname="com.service.BikeTest" name="mailege" time="0.002"/>
  <testcase classname="com.service.BikeTest" name="speed" time="0.002"/>
</testsuite> <!-- Test -->
