<?xml version="1.0" encoding="UTF-8"?>
<!-- Generated by org.testng.reporters.JUnitXMLReporter -->
<testsuite ignored="3" hostname="LAPTOP-H6POAKCL" failures="0" tests="3" name="VehicleTesting" time="0.043" errors="0" timestamp="2022-09-27T10:14:38 IST">
  <testcase classname="com.service.CarTest" name="mailege" time="0.006"/>
  <testcase classname="com.service.CarTest" name="speed" time="0.001"/>
  <testcase classname="com.service.BikeTest" name="speed" time="0.001"/>
  <testcase classname="com.service.BikeTest" name="mailege" time="0.0">
    <ignored/>
  </testcase> <!-- mailege -->
  <testcase classname="com.service.CarTest" name="color" time="0.0">
    <ignored/>
  </testcase> <!-- color -->
  <testcase classname="com.service.BikeTest" name="color" time="0.0">
    <ignored/>
  </testcase> <!-- color -->
</testsuite> <!-- VehicleTesting -->
