<?xml version="1.0" encoding="UTF-8"?>
<testng-results ignored="3" total="6" passed="3" failed="0" skipped="0">
  <reporter-output>
  </reporter-output>
  <suite started-at="2022-09-27T10:14:37 IST" name="Suite" finished-at="2022-09-27T10:14:38 IST" duration-ms="43">
    <groups>
      <group name="mailege">
        <method signature="CarTest.mailege()[pri:0, instance:com.service.CarTest@6ab778a]" name="mailege" class="com.service.CarTest"/>
      </group> <!-- mailege -->
      <group name="speed">
        <method signature="BikeTest.speed()[pri:0, instance:com.service.BikeTest@4e3958e7]" name="speed" class="com.service.BikeTest"/>
        <method signature="CarTest.mailege()[pri:0, instance:com.service.CarTest@6ab778a]" name="mailege" class="com.service.CarTest"/>
        <method signature="CarTest.speed()[pri:0, instance:com.service.CarTest@6ab778a]" name="speed" class="com.service.CarTest"/>
      </group> <!-- speed -->
    </groups>
    <test started-at="2022-09-27T10:14:37 IST" name="VehicleTesting" finished-at="2022-09-27T10:14:38 IST" duration-ms="43">
      <class name="com.service.CarTest">
        <test-method signature="mailege()[pri:0, instance:com.service.CarTest@6ab778a]" started-at="2022-09-27T10:14:38 IST" name="mailege" finished-at="2022-09-27T10:14:38 IST" duration-ms="6" status="PASS">
          <reporter-output>
          </reporter-output>
        </test-method> <!-- mailege -->
        <test-method signature="speed()[pri:0, instance:com.service.CarTest@6ab778a]" started-at="2022-09-27T10:14:38 IST" name="speed" finished-at="2022-09-27T10:14:38 IST" duration-ms="1" status="PASS">
          <reporter-output>
          </reporter-output>
        </test-method> <!-- speed -->
      </class> <!-- com.service.CarTest -->
      <class name="com.service.BikeTest">
        <test-method signature="speed()[pri:0, instance:com.service.BikeTest@4e3958e7]" started-at="2022-09-27T10:14:38 IST" name="speed" finished-at="2022-09-27T10:14:38 IST" duration-ms="1" status="PASS">
          <reporter-output>
          </reporter-output>
        </test-method> <!-- speed -->
      </class> <!-- com.service.BikeTest -->
    </test> <!-- VehicleTesting -->
  </suite> <!-- Suite -->
</testng-results>
